<?xml version="1.0" encoding="UTF-8"?>
<!-- Generated by org.testng.reporters.JUnitXMLReporter -->
<testsuite ignored="2" hostname="DESKTOP-JOQNLEJ" failures="0" tests="2" name="TestRunner2" time="0.095" errors="0" timestamp="2024-05-14T09:37:01 IST">
  <testcase classname="com.Vtiger.BaseClass.BaseClass" name="@BeforeClass createBCmethod" time="-1.715659621561E9">
    <failure type="org.testng.TestNGException" message="
Parameter &amp;apos;browser&amp;apos; is required by BeforeClass on method createBCmethod but has not been marked @Optional or defined
in C:\Users\Nivetha Shanmugam\eclipse-workspace\SeleniumCRMGUIFramework\DistributedParallel2.xml">
      <![CDATA[org.testng.TestNGException: 
Parameter 'browser' is required by BeforeClass on method createBCmethod but has not been marked @Optional or defined
in C:\Users\Nivetha Shanmugam\eclipse-workspace\SeleniumCRMGUIFramework\DistributedParallel2.xml
at java.base/java.util.ArrayList.forEach(ArrayList.java:1511)
at java.base/java.util.concurrent.FutureTask.run(FutureTask.java:264)
at java.base/java.util.concurrent.ThreadPoolExecutor.runWorker(ThreadPoolExecutor.java:1136)
at java.base/java.util.concurrent.ThreadPoolExecutor$Worker.run(ThreadPoolExecutor.java:635)
at java.base/java.lang.Thread.run(Thread.java:840)
... Removed 12 stack frames]]>
    </failure>
  </testcase> <!-- @BeforeClass createBCmethod -->
  <testcase classname="com.Vtiger.BaseClass.BaseClass" name="@BeforeMethod createBMmethod" time="0.0">
    <skipped/>
  </testcase> <!-- @BeforeMethod createBMmethod -->
  <testcase classname="com.Vtiger.BaseClass.BaseClass" name="@AfterMethod createAMmethod" time="0.0">
    <skipped/>
  </testcase> <!-- @AfterMethod createAMmethod -->
  <testcase classname="com.Vtiger.BaseClass.BaseClass" name="@AfterClass createACmethod" time="0.0">
    <skipped/>
  </testcase> <!-- @AfterClass createACmethod -->
  <testcase classname="com.Vtiger.BaseClass.BaseClass" name="@BeforeClass createBCmethod" time="-1.715659621611E9">
    <failure type="org.testng.TestNGException" message="
Parameter &amp;apos;browser&amp;apos; is required by BeforeClass on method createBCmethod but has not been marked @Optional or defined
in C:\Users\Nivetha Shanmugam\eclipse-workspace\SeleniumCRMGUIFramework\DistributedParallel2.xml">
      <![CDATA[org.testng.TestNGException: 
Parameter 'browser' is required by BeforeClass on method createBCmethod but has not been marked @Optional or defined
in C:\Users\Nivetha Shanmugam\eclipse-workspace\SeleniumCRMGUIFramework\DistributedParallel2.xml
at java.base/java.util.ArrayList.forEach(ArrayList.java:1511)
at java.base/java.util.concurrent.FutureTask.run(FutureTask.java:264)
at java.base/java.util.concurrent.ThreadPoolExecutor.runWorker(ThreadPoolExecutor.java:1136)
at java.base/java.util.concurrent.ThreadPoolExecutor$Worker.run(ThreadPoolExecutor.java:635)
at java.base/java.lang.Thread.run(Thread.java:840)
... Removed 12 stack frames]]>
    </failure>
  </testcase> <!-- @BeforeClass createBCmethod -->
  <testcase classname="com.Vtiger.BaseClass.BaseClass" name="@BeforeMethod createBMmethod" time="0.0">
    <skipped/>
  </testcase> <!-- @BeforeMethod createBMmethod -->
  <testcase classname="com.Vtiger.BaseClass.BaseClass" name="@AfterMethod createAMmethod" time="0.0">
    <skipped/>
  </testcase> <!-- @AfterMethod createAMmethod -->
  <testcase classname="com.Vtiger.BaseClass.BaseClass" name="@AfterClass createACmethod" time="0.0">
    <skipped/>
  </testcase> <!-- @AfterClass createACmethod -->
  <testcase classname="com.Vtiger.BaseClass.BaseClass" name="@BeforeClass createBCmethod" time="-1.715659621618E9">
    <failure type="org.testng.TestNGException" message="
Parameter &amp;apos;browser&amp;apos; is required by BeforeClass on method createBCmethod but has not been marked @Optional or defined
in C:\Users\Nivetha Shanmugam\eclipse-workspace\SeleniumCRMGUIFramework\DistributedParallel2.xml">
      <![CDATA[org.testng.TestNGException: 
Parameter 'browser' is required by BeforeClass on method createBCmethod but has not been marked @Optional or defined
in C:\Users\Nivetha Shanmugam\eclipse-workspace\SeleniumCRMGUIFramework\DistributedParallel2.xml
at java.base/java.util.ArrayList.forEach(ArrayList.java:1511)
at java.base/java.util.concurrent.FutureTask.run(FutureTask.java:264)
at java.base/java.util.concurrent.ThreadPoolExecutor.runWorker(ThreadPoolExecutor.java:1136)
at java.base/java.util.concurrent.ThreadPoolExecutor$Worker.run(ThreadPoolExecutor.java:635)
at java.base/java.lang.Thread.run(Thread.java:840)
... Removed 12 stack frames]]>
    </failure>
  </testcase> <!-- @BeforeClass createBCmethod -->
  <testcase classname="com.Vtiger.BaseClass.BaseClass" name="@BeforeMethod createBMmethod" time="0.0">
    <skipped/>
  </testcase> <!-- @BeforeMethod createBMmethod -->
  <testcase classname="com.Vtiger.BaseClass.BaseClass" name="@AfterMethod createAMmethod" time="0.0">
    <skipped/>
  </testcase> <!-- @AfterMethod createAMmethod -->
  <testcase classname="com.Vtiger.BaseClass.BaseClass" name="@AfterClass createACmethod" time="0.0">
    <skipped/>
  </testcase> <!-- @AfterClass createACmethod -->
  <testcase classname="com.Vtiger.ContactTest.CreateContactWithSupportDateTest" name="createContactWithSupportDateTest" time="0.001">
    <skipped/>
  </testcase> <!-- createContactWithSupportDateTest -->
  <testcase classname="com.Vtiger.ContactTest.CreateContactWithOrgTest" name="createContactWithOrgTest" time="0.0">
    <skipped/>
  </testcase> <!-- createContactWithOrgTest -->
  <testcase classname="com.Vtiger.BaseClass.BaseClass" name="@AfterSuite createAsmethod" time="0.0">
    <ignored/>
  </testcase> <!-- @AfterSuite createAsmethod -->
  <testcase classname="com.Vtiger.BaseClass.BaseClass" name="@BeforeSuite createBSmethod" time="0.0">
    <ignored/>
  </testcase> <!-- @BeforeSuite createBSmethod -->
</testsuite> <!-- TestRunner2 -->
